[    .0000] itialincgroususys cpuse
   0.000000]Iniializing cgou sbsys cp
  0.000000]Inializinggrup subs cuacct
[    0.000000] Linux version 4.4.0-28-generic (buildd@lcy01-13) (gcc version 5.3.1 20160413 (Ubuntu 5.3.1-14ubuntu2.1) ) #47-Ubuntu SMP Fri Jun 24 10:09:13 UTC 2016 (Ubuntu 4.4.0-28.47-generic 4.4.13
[   0.000000] Command line: BOOT_IMAGE=/boot/vmlinuz-4.4.0-28-generic root=LABEL=cloudimg-rootfs ro console=tty1 console=ttyS0
[   0.000000 KRNEL supord cpus:
[   000000]  Inl GenneInte
[   00000]   MDuthenticMD
[   0.0000]   Cntr entaurau
[    .0000] x86/fpu: xstate_ofst[2]:  576, xstate_sizes[2]:  256
[    0.000000] x86/fpu: Supporting XSAVE feature 0x01: 'x87 floating point regters'
[   0.0000] x86/fu:upportinXSE feature x0 'SSE egters'
  0.00000] x8/f: upportig AVE featre 04: 'AVX registers'
[    0.000000] x86/fpu: Enabled xstate features 0x7, context size is 832 bytes, using 'standard' format.
[    0.000000] x86/fpu: Using 'lazy' FPU context switches.
[    0.000000] e820: BIOS-provided physical RAM map:
[    0.000000] BIOS-e820: [mem 0x0000000000000-0x00000009fbffusbl
  0.0000]IOS-e82: [mem 0x000000000009fc00-0x000000000009ffff] reserved
[    0.000000] BIOS-e820: [mem 0x00000000000f0000-0x00000000000fffff] reserved
[    0.000000] BIOS-e820: [mem 0x0000000000100000-0x000000003ffeffff] usable
[    0.000000] BIOS-e820: [mem 0x000000003fff0000-0x000000003fffffff] ACPI data
[   0000000 BS-e820: [mem 0x0000000ffc000-0x00000000ffffffff] reserved
[    0.00000]X (Excu Dsab) protectio: active
[    00000] SMBOS.5preen
    0.000000] Hypervisor detected: KVM
[    0.000000] e820: last_pfn = 0xff max_rc_p = 0x00000
[    0.000000 x86/T: Configatn [0-7]: B C  UC U W  WC UC- WT  
[    0.000000] MTRR: Disabled
[    0.000000] CPU MTRRs all blank - virtualized system.
[    0.000000] found SMP MP-table at [mem 0x0009fff0-0x0009ffff] mapped at [ffff88000009fff0]
[    0.000000] Scanning 1 areas for low memoy orruption
[    0.000000] RAMDISK: [mem 0x371c0000-0x378d7fff]
[    0.000000] ACPI: Early table checksum verification disabled
[    0.000] CPI: RSDP 0x00000000000E0000 000024 (v02 VBOX  
  0.000000] ACPI: XDTx0000003F0030003C(v01 VBOX   VBOXXSDT 00000001 ASL  00000061)
[    0.000000] ACPI: FACP 0x000000003FFF00F0 0000F4 (04BOX   VXFACP 00000001 ASL  00000061)
[    0.000000] ACPI: DSDT 0x000000003FFF0470 002106 (v01 VBOX   VBOXBIOS 00000002 INTL 20100528)
[    0.000000] ACPI: FACS 0x000000003FFF0200 000040
[    0.000000] ACPI: FACS 0x000000003FFF0200 000040
[    0.000000] ACPI: APIC 0x000000003FFF0240 00005C (v02 VBOX   VBOXAPIC 00000001 ASL  00000061)
[    .00000] PI: SSD 000000003FF020 0001CC (v01 VBOX   VBOXCPUT 0000002 INTL 0152)
[  000000NoUMA configurationoud
[    0.000000]Faking a node at [mem 0x00000000000000x000000003ffefff]
[  000000]NO_DTA(0) allocated [m 03ffeb00-0ffffff]    0000] kvmclk: Usg rs 4b641 nd 45600
[    0.000000] kvm-clock: cpu 0, r 3ffe7001, priary cpu clock
[    0.000000] kvm-clock: usi sched offset of 3027276911 cycls
[   .000000] clocksource: kvm-clock: mask: 0xffffffffffffffff max_cycles: 0x1cd42e4dffb, max_idle_ns: 881590591483 ns
[    0.000000] Zone ranges:
[    0.000000]   DMA      [mem 0x0000000000001000-0x0000000000ffffff]
[    0.000000]   DMA32    [mem 0x0000000001000000-0x000000003ffeffff]
[    0.000000]   Normal   empty
[    0.000000]   Device   empty
[    0.000000] Movable zone start for each node
[    0.000000] Early memory node ranges
[    0.000000]   node   0: [mem 0x0000000000001000-0x000000000009efff]
[    0.000000]   node   0: [mem 0x0000000000100000-0x000000003ffeffff]
[    0.000000] Initmem setup node 0 [mem 0x0000000000001000-0x000000003ffeffff]
[    0.000000] ACPI: PM-Timer IO Port: 0x4008
[    0.000000] IOAPIC[0]: apic_d  versn , address 0xfec0000,GS 03
[   0.000000] ACPI: INT_SRC_OVR (bus 0 bus_irq 0 global_irq 2 dfl dfl)
[    0.000000] ACPI: INT_SRC_OVR (bus 0 bus_irq 9 global_irq 9 high level)
[    0.000000] Using ACPI (MADT) for SMP configuration information
[    0.000000] smpboot: Allowing 2 CPUs, 0 hotplug CPUs
[    0.0000] PM:egtered nosav mmoy: [mem 0x0000000x0000ff
[    0.000000] PM: Registered nosave memory: [mem 0x0009f000-0x0009ffff]
[    0.000000] PM: Registered nosave memory: [mem 0x000a0000-0x000effff]
[    0.000000] PM: Registered nosave emory: [mem 0x000f0000-0x000fffff]
[    0.000000] e820: [mem 0x40000000-0xfffbffff] availbl forPCdeice
  0.000000] Bootig rairtualid ernel on KVM
[  000000clcksource: refined-jiffies: as 0xfffff ax_ccl: 0xffffff, max_id_ns: 7645519600211568 ns
[    0000] setuperpu: NR_CPUS:256 nr_cpumask_bits:256 nr_cpu_ids:2 nr_node_ids:1
[   00000] PERPUEmbeded3 age/c @fff8800fc00 s80 r192 d2868108576[   0.00000]  qspinlok sh table entries: 256 (order: 0, 4096 bytes)
[    0.000] Built1 neists inNo oder milty rouping n. Total pages: 257913
[    0.000000] Policy zone: DMA32
[    0.000000] Kernel command line: BOOT_IMAGE=/boot/vmlinuz-4.4.0-28-generic root=LABEL=cloudimg-rootfs ro console=tty1 console=ttyS0
[    0.000000] PID hash table entries: 4096 (order: 3, 32768 bytes)
[    0.000000] Memory: 1005376K/1048120K available (8368K kernel code, 1280K rwdata, 3928K rodata, 1480K init, 1292K bss, 42744K reserved, 0K cma-reserved)
[    0.000000] SLUB: HWalign=64, Order=0-3, MinObjects=0, CPUs=2, Nodes=1
[    0.000000] Hierarchical RCU impleentation.
[    0.000000] 	uild-time adjustment of leaf fanout to 64.
[    0.000000] 	RCU restricting CPUs from NR_CPUS=256 to nr_cpu_ids=2.
[    0.000000] RCU: Adjusting geometry for cufanout_ea64 nr_cpid2
[  000000]NRRQS:16640 nr_irqs:44016
[   .0000] ConslecoourGA80x25
[  000000]onole [ty1] enbld
[   0.000000 cnsole [ttyS0] enabled
[  0000000] tsc: Detected 2699.998 MHz processor
[    7.789111] Calibrating delay loop (skipped) preset value.. 5399.99 BogoMIPS (lpj=10799992)
[    7.853620] pid_max: default: 32768 minimum: 301
[    7.895648] ACPI: Core revision 20150930
[    7.903034] ACPI: 2 ACPI AML tables successfully acquired and loaded
[    7.992825] Security Framework initialized
[    8.017218] Yama: becoming mindful.
[    8.054091] AppArmor: AppArmor initialized
[    8.055244] Dentry cache hash table entries: 131072 (order: 8, 1048576 bytes)
[    8.057014] Inode-cache hash table entries: 65536 (order: 7, 524288 bytes)
[    8.060112] Mount-cache hash table entries: 2048 (order: 2, 16384 bytes)
[    8.066095] Mountpoint-cache hash table entries: 2048 (order: 2, 16384 bytes)
[    8.089257] Initializing cgroup subsys io
[    8.135730] Initializing cgroup subsys memory
[    8.195358] Initializing cgroup subsys devices
[    8.247000] Initializing cgroup subsys freezer
[    8.313306] Initializing cgroup subsys net_cls
[    8.355968] Initializing cgroup subsys perf_event
[    8.413711] Initializing cgroup subsys net_prio
[    8.475250] Initializing cgroup subsys hugetlb
[    8.522286] Initializing cgroup subsys pids
[    8.523462] CPU: Physical Processor ID: 0
[    8.542450] CPU: Processor Core ID: 0
[    8.570256] mce: CPU supports 0 MCE banks
[    8.601327] Last level iTLB entries: 4KB 64, 2MB 8, 4MB 8
[    8.669701] Last level dTLB entries: 4KB 64, 2MB 0, 4MB 0, 1GB 4
[    8.757701] Freeing SMP alternatives memory: 28K (ffffffff820b4000 - ffffffff820bb000)
[    8.768034] ftrace: allocating 31920 entries in 125 pages
[    8.869464] smpboot: Max logical packages: 1
[    8.929491] smpboot: APIC(0) Converting physical 0 to logical package 0
[    9.002568] ..TIMER: vector=0x30 apic1=0 pin1=2 apic2=-1 pin2=-1
[    9.192316] smpboot: CPU0: Intel(R) Core(TM) i5-5257U CPU @ 2.70GHz (family: 0x6, model: 0x3d, stepping: 0x4)
[    9.281621] Performance Events: unsupported p6 CPU model 61 no PMU driver, software events only.
[    9.357152] KVM setup paravirtual spinlock
[    9.410351] x86: Booting SMP configuration:
[    9.462207] .... node  #0, CPUs:      #1
[    9.520930] kvm-clock: cpu 1, msr 0:3ffe7041, secondary cpu clock
[    9.537683] mce: CPU supports 0 MCE banks
[    9.540403] x86: Booted up 1 node, 2 CPUs
[    9.574587] smpboot: Total of 2 processors activated (10799.99 BogoMIPS)
[    9.641336] devtmpfs: initialized
[    9.678787] evm: security.selinux
[    9.709464] evm: security.SMACK64
[    9.747115] evm: security.SMACK64EXEC
[    9.766516] evm: security.SMACK64TRANSMUTE
[    9.779139] evm: security.SMACK64MMAP
[    9.799008] evm: security.ima
[    9.799881] evm: security.capability
[    9.822434] clocksource: jiffies: mask: 0xffffffff max_cycles: 0xffffffff, max_idle_ns: 7645041785100000 ns
[    9.882916] pinctrl core: initialized pinctrl subsystem
[    9.914534] RTC time: 13:01:43, date: 06/30/16
[    9.962874] NET: Registered protocol family 16
[   10.013569] cpuidle: using governor ladder
[   10.056701] cpuidle: using governor menu
[   10.070236] PCCT header not found.
[   10.095783] ACPI: bus type PCI registered
[   10.150201] acpiphp: ACPI Hot Plug PCI Controller Driver version: 0.5
[   10.215594] PCI: Using configuration type 1 for base access
[   10.261908] ACPI: Added _OSI(Module Device)
[   10.270228] ACPI: Added _OSI(Processor Device)
[   10.288899] ACPI: Added _OSI(3.0 _SCP Extensions)
[   10.313159] ACPI: Added _OSI(Processor Aggregator Device)
[   10.361783] ACPI: Executed 1 blocks of module-level executable AML code
[   10.427778] ACPI: Interpreter enabled
[   10.437036] ACPI Exception: AE_NOT_FOUND, While evaluating Sleep State [\_S1_] (20150930/hwxface-580)
[   10.533067] ACPI Exception: AE_NOT_FOUND, While evaluating Sleep State [\_S2_] (20150930/hwxface-580)
[   10.617323] ACPI Exception: AE_NOT_FOUND, While evaluating Sleep State [\_S3_] (20150930/hwxface-580)
[   10.697178] ACPI Exception: AE_NOT_FOUND, While evaluating Sleep State [\_S4_] (20150930/hwxface-580)
[   10.773139] ACPI: (supports S0 S5)
[   10.794447] ACPI: Using IOAPIC for interrupt routing
[   10.809342] PCI: Using host bridge windows from ACPI; if necessary, use "pci=nocrs" and report a bug
[   10.840074] ACPI: PCI Root Bridge [PCI0] (domain 0000 [bus 00-ff])
[   10.895567] acpi PNP0A03:00: _OSC: OS supports [ASPM ClockPM Segments MSI]
[   10.947430] acpi PNP0A03:00: _OSC failed (AE_NOT_FOUND); disabling ASPM
[   10.996288] acpi PNP0A03:00: fail to add MMCONFIG information, can't access extended PCI configuration space under this bridge.
[   11.087310] PCI host bridge to bus 0000:00
[   11.138230] pci_bus 0000:00: root bus resource [io  0x0000-0x0cf7 window]
[   11.206439] pci_bus 0000:00: root bus resource [io  0x0d00-0xffff window]
[   11.249640] pci_bus 0000:00: root bus resource [mem 0x000a0000-0x000bffff window]
[   11.251631] pci_bus 0000:00: root bus resource [mem 0x40000000-0xffdfffff window]
[   11.297318] pci_bus 0000:00: root bus resource [bus 00-ff]
[   11.350557] pci 0000:00:01.1: legacy IDE quirk: reg 0x10: [io  0x01f0-0x01f7]
[   11.357731] pci 0000:00:01.1: legacy IDE quirk: reg 0x14: [io  0x03f6]
[   11.359179] pci 0000:00:01.1: legacy IDE quirk: reg 0x18: [io  0x0170-0x0177]
[   11.360769] pci 0000:00:01.1: legacy IDE quirk: reg 0x1c: [io  0x0376]
[   11.400787] ACPI: PCI Interrupt Link [LNKA] (IRQs 5 9 10 11) *0, disabled.
[   11.442619] ACPI: PCI Interrupt Link [LNKB] (IRQs 5 9 10 *11)
[   11.475922] ACPI: PCI Interrupt Link [LNKC] (IRQs 5 9 *10 11)
[   11.510115] ACPI: PCI Interrupt Link [LNKD] (IRQs 5 *9 10 11)
[   11.536437] ACPI: Enabled 2 GPEs in block 00 to 07
[   11.537882] vgaarb: setting as boot device: PCI:0000:00:02.0
[   11.578122] vgaarb: device added: PCI:0000:00:02.0,decodes=io+mem,owns=io+mem,locks=none
[   11.650840] vgaarb: loaded
[   11.673899] vgaarb: bridge control possible 0000:00:02.0
[   11.729719] SCSI subsystem initialized
[   11.762188] ACPI: bus type USB registered
[   11.770470] usbcore: registered new interface driver usbfs
[   11.773726] usbcore: registered new interface driver hub
[   11.809108] usbcore: registered new device driver usb
[   11.853422] PCI: Using ACPI for IRQ routing
[   11.886443] NetLabel: Initializing
[   11.910513] NetLabel:  domain hash size = 128
[   11.966007] NetLabel:  protocols = UNLABELED CIPSOv4
[   11.994508] NetLabel:  unlabeled traffic allowed by default
[   12.062913] clocksource: Switched to clocksource kvm-clock
[   12.566]ppmo ApAmoFileysm Enabled
[   12.561058] pnp: PnP ACPI init
[ 1263032] pnp: PnP ACPI: found 3 devices
[ 12562]locksource: acpi_pm: mask: 0xffffff m_cle 0fff,axdlns207024s   13.546011] NET: Registered protocol family 2

[   1.59361TCesblheha tbl eri: 92 (rd:  636yt)

[   14.3750 T bd astae tries: 892 order: 5, 131072 bytes)
[   14.778182] TCP: Hash tabs nfur (estalied19bi 82)[ 157144] P shabe tres: 12 (order: 2, 16384 byts)[   15.764605]UD-Lite has tleentries: 512 (order:2,63 bes
[  6.03] T:egteedprotocolfaly
  6.11] i 000:00.0: Limitingdirect PCI/PCI transfers
[   16.9645]ci00001. AivinISDMha wkaun
  7.677] ryngo pack rotf imae s itmf..
[   19.388013] Freeing initrd memory: 7264K (ffff8800371c0000 - ffff8800378d8000)
[   19.549003] RAPL PMU detected, API unit is 2^-32 Joules, 4 fixed counters 10737418240 ms ovfl timer
[   19.662885] hw unit of domain pp0-core 2^-0 Joules
[   19.721282] hw unit of domain package 2^-0 Joules
[   19.736226] hw unit of domain dram 2^-0 Joules
[   19.737719] hw unit of domain pp1-gpu 2^-0 Joules
[   19.780211] platform rtc_cmos: registered platform RTC device (no PNP device found)
[   19.856262] Scanning for low memory corruption every 60 seconds
[   19.945959] futex hash table entries: 512 (order: 3, 32768 bytes)
[   19.991994] audit: initializing netlink subsys (disabled)
[   20.005681] audit: type=2000 audit(1467291706.774:1): initialized
[   20.051438] Initialise system trusted keyring
[   20.08772 HeeTLBregistered 2 MB page size, pre-allocated 0 pages
[  20.215881 zd:oad
[   20.435] S:isquasquot_6..0[ 2077908]scReneTSclksrce clibraion: 2699.864 MHz

[   20.779030] clocksource: tsc: mask: 0xffffffffffffff max_cycles: 0x26eabdecc1a, max_idle_ns: 440795298343 ns

[   21.318]FSDqotac hh table entries: 512 (order 0, 4096 bytes)
[   21.796624] fuse init (API version 7.23)
[   21.845901] Key type big_key registered
[   21.880411] Allocating IMA MOK and blacklist keyrings.
[   21.942766] Key type asymmetric registered
[   21.971919] Asymmetric key parser 'x509' registered
[   22.019939] Block layer SCSI generic (bsg) driver version 0.4 loaded (major 249)
[   22.073207] io scheduler noop registered
[   22.111714] o hedur eadlnerested(dfault)

[   22.484040] io scheduler cfq regiser
  2.89] i_hotpugPCHoPlugPCCo vsi: 5
[   23.247540] cip:CIxpssot Plug Controller Drveveion: 0.4
[   3.4894] ACP: C apr AC (-le)
[   24.199] pu Perutn s /devceLNYSTM:0/LXPRBN:0/iutnp0
[   24.875457] ACPI: Power Button [PWRF]
[   24.877654] input: Sleep Button as /devices/LNXSYSTM:00/LNXSLPBN:00/input/inpu1[   24.332]CP Seputn LP]
[   25.360137] GHES: HEST is nt abd!
[ 25614]AC: Battery Slot [BAT0] (batter presen)   283368]Seal82/150rier, 32 ports, IRQ sharing enabled
[   26.29929002:ty aI/0x8 rq 4 baseau =1500)s  150

[   271312Linux agpgat teacv003
[   .533 brd:mole loadd

[   27.821612]lop:moule oad
[   280674sci st a_px
[   .42422sc ht1atpi
[   28.778625] ata1: PATA max UDMA/33 cmd 0x1f0 ctl 0x3f6 bmdma 0xd000 irq 14
[   28.781328] ata2: PATA max UDMA/33 cmd 0x170 ctl 0x376 bmdma 0xd008 irq 15
[   2.741 lphy: Fixe MO Bus: probed

[   9.037190]tu: ivsaTUN/APdecerir,.6
[   29.5555 t: ) 99-204axrasnyansky <maxk@qualcomm.com>

[   29.9766] PPP genec iv vsion 2.4.2
[   30.1604 eci_hd:SB.0Ennc' osCoroerEH) iv
[   30.867] ehci-pci: HCPCplfo dve
   1.420]hcplfo: CIgeneic patrmrir
[   31.86938] ohci_hcd: USB 1.1 Opn'Ho Ctrle(OI)rir
[   32.335143] ohci-pci: OHCI PCI platform driver
[   32.337747] ohci-platform: OHCI generic platform driver
[   32.338979] uhci_cd: USBUnersalosCoroerntfae drivr  2.3199 i42PN P2 ntll [P03:PSK,PNP003PS]  00,x6ir1,
[   .817] sioi82 D rtt 60x6ir1
[   34.461082] serio i42AUX oratx60x4 irq12
[   34.8401 musedev P2 usdeiccoonorllic

[   35.42638int:T anslated Set 2 keyboard as /devices/platform/i8042/serio0/input/input2
[   35.683565] rtc_cmos rtc_cmos: rtc core: registered rtc_cmos as rtc0
[   35.683682] rtc_cmos rtc_cmos: alarms up to one day, 114 bytes nvram
[   35.683693] i2c /dev entries driver
[   35.683765] device-mapper: uevent: version 1.0.3
[   35.683845] device-mapper: ioctl: 4.34.0-ioctl (2015-10-28) initialised: dm-devel@redhat.com
[   35.683869] ledtrig-cpu: registered to indicate activity on CPUs
[   35.684229] NET: Registered protocol family 10
[   35.684459] NET: Registered protocol family 17
[   35.684474] Key type dns_resolver registered
[   35.720361] microcode: CPU0 sig=0x306d4, pf=0x40, revision=0x0
[   35.720384] microcode: CPU1 sig=0x306d4, pf=0x40, revision=0x0
[   35.720441] microcode: Microcode Update Driver: v2.01 <tigran@aivazian.fsnet.co.uk>, Peter Oruba
[   35.720553] registered taskstats version 1
[   35.720564] Loading compiled-in X.509 certificates
[   35.721162] Loaded X.509 cert 'Build time autogenerated kernel key: 6ea974e07bd0b30541f4d838a3b7a8a80d5ca9af'
[   35.721182] zswap: loaded using pool lzo/zbud
[   35.722304] Key type trusted registered
[   35.724265] Key type encrypted registered
[   35.724270] AppArmor: AppArmor sha1 policy hashing enabled
[   35.724272] ima: No TPM chip found, activating TPM-bypass!
[   35.725788] evm: HMAC attrs: 0x1
[   35.726175]   Magic number: 4:594:29
[   35.747948] rtc_cmos rtc_cmos: setting system clock to 2016-06-30 13:02:09 UTC (1467291729)
[   35.748053] BIOS EDD facility v0.16 2004-Jun-25, 0 devices found
[   35.748053] EDD information not available.
[   36.308993] Freeing unused kernel memory: 1480K (ffffffff81f42000 - ffffffff820b4000)
[   36.326896] Write protecting the kernel read-only data: 14336k
[   36.428712] Freeing unused kernel memory: 1860K (ffff88000182f000 - ffff880001a00000)
[   36.467600] Freeing unused kernel memory: 168K (ffff880001dd6000 - ffff880001e00000)
Loading, please wait...
[   36.534666] random: systemd-udevd urandom read with 7 bits of entropy available
starting version 229
[   36.642277] e1000: Intel(R) PRO/1000 Network Driver - version 7.3.21-k8-NAPI
[   36.664931] e1000: Copyright (c) 1999-2006 Intel Corporation.
[   36.685175] Fusion MPT base driver 3.04.20
[   36.701483] Copyright (c) 1999-2008 LSI Corporation
[   36.716101] Fusion MPT SPI Host driver 3.04.20
[   36.734130] AVX version of gcm_enc/dec engaged.
[   36.738779] AES CTR mode by8 optimization enabled
[   36.952763] input: ImExPS/2 Generic Explorer Mouse as /devices/platform/i8042/serio1/input/input4
[   37.127221] e1000 0000:00:03.0 eth0: (PCI:33MHz:32-bit) 02:8e:fe:b7:15:d8
[   37.134102] e1000 0000:00:03.0 eth0: Intel(R) PRO/1000 Network Connection
[   37.162993] mptbase: ioc0: Initiating bringup
[   37.244505] ioc0: LSI53C1030 A0: Capabilities={Initiator}
[   37.427353] scsi host2: ioc0: LSI53C1030 A0, FwRev=00000000h, Ports=1, MaxQ=256, IRQ=20
[   37.624847] scsi 2:0:0:0: Direct-Access     VBOX     HARDDISK         1.0  PQ: 0 ANSI: 5
[   37.655859] scsi target2:0:0: Beginning Domain Validation
[   37.662802] scsi target2:0:0: Domain Validation skipping write tests
[   37.674022] scsi target2:0:0: Ending Domain Validation
[   37.675402] scsi target2:0:0: asynchronous
[   37.683172] scsi 2:0:1:0: Direct-Access     VBOX     HARDDISK         1.0  PQ: 0 ANSI: 5
[   37.690607] scsi target2:0:1: Beginning Domain Validation
[   37.693399] scsi target2:0:1: Domain Validation skipping write tests
[   37.695164] scsi target2:0:1: Ending Domain Validation
[   37.717774] scsi target2:0:1: asynchronous
[   37.811907] sd 2:0:0:0: Attached scsi generic sg0 type 0
[   37.814658] sd 2:0:1:0: Attached scsi generic sg1 type 0
[   37.818278] sd 2:0:0:0: [sda] 20971520 512-byte logical blocks: (10.7 GB/10.0 GiB)
[   37.833159] sd 2:0:1:0: [sdb] 20480 512-byte logical blocks: (10.5 MB/10.0 MiB)
[   37.835207] sd 2:0:0:0: [sda] Write Protect is off
[   37.836333] sd 2:0:1:0: [sdb] Write Protect is off
[   37.837450] sd 2:0:1:0: [sdb] Incomplete mode parameter data
[   37.852539] sd 2:0:1:0: [sdb] Assuming drive cache: write through
[   37.867092] sd 2:0:0:0: [sda] Incomplete mode parameter data
[   37.873622] sd 2:0:0:0: [sda] Assuming drive cache: write through
[   37.876818]  sda: sda1
[   37.880179] sd 2:0:0:0: [sda] Attached SCSI disk
[   37.931396] sd 2:0:1:0: [sdb] Attached SCSI disk
[   38.012133] e1000 0000:00:08.0 eth1: (PCI:33MHz:32-bit) 08:00:27:93:7a:41
[   38.101557] e1000 0000:00:08.0 eth1: Intel(R) PRO/1000 Network Connection
[   38.257608] e1000 0000:00:03.0 enp0s3: renamed from eth0
[   38.311608] e1000 0000:00:08.0 enp0s8: renamed from eth1
[   39.735915] floppy0: no floppy controllers found
Begin: Loading e[   41.531353] md: linear personality registered for level -1
ssential drivers[   41.622641] md: multipath personality registered for level -4
 ... [   41.679939] md: raid0 personality registered for level 0
[   41.684473] md: raid1 personality registered for level 1
[   41.803040] raid6: sse2x1   gen()  9397 MB/s
[   41.995256] raid6: sse2x1   xor()  7247 MB/s
[   42.161124] raid6: sse2x2   gen() 12341 MB/s
[   42.295275] raid6: sse2x2   xor()  7860 MB/s
[   42.375036] raid6: sse2x4   gen()  7749 MB/s
[   42.442984] raid6: sse2x4   xor()  9233 MB/s
[   42.476186] raid6: using algorithm sse2x2 gen() 12341 MB/s
[   42.537565] raid6: .... xor() 7860 MB/s, rmw enabled
[   42.594336] raid6: using ssse3x2 recovery algorithm
[   42.668556] xor: automatically using best checksumming function:
[   42.763167]    avx       : 19244.000 MB/sec
[   42.795054] async_tx: api initialized (async)
[   42.835596] md: raid6 personality registered for level 6
[   42.878969] md: raid5 personality registered for level 5
[   42.923905] md: raid4 personality registered for level 4
[   42.946629] md: raid10 personality registered for level 10
done.
Begin: Running /scripts/init-premount ... done.
Begin: Mounting root file system ... Begin: Running /scripts/local-top ... do[   43.045815] Btrfs loaded
ne.
Begin: Running /scripts/local-premount ... Scanning for Btrfs filesystems
done.
Warning: fsck no[   43.107576] EXT4-fs (sda1): mounted filesystem with ordered data mode. Opts: (null)
t present, so skipping root file system
done.
Begin: Running /scripts/local-bottom ... done.
Begin: Running /scripts/init-bottom ... Warning: overlayroot: debug is busted
done.
[   43.235606] systemd[1]: systemd 229 running in system mode. (+PAM +AUDIT +SELINUX +IMA +APPARMOR +SMACK +SYSVINIT +UTMP +LIBCRYPTSETUP +GCRYPT +GNUTLS +ACL +XZ -LZ4 +SECCOMP +BLKID +ELFUTILS +KMOD -IDN)
[   43.320536] systemd[1]: Detected virtualization oracle.
[   43.381008] systemd[1]: Detected architecture x86-64.

Welcome to [1mUbuntu 16.04 LTS[0m!

[   43.388397] systemd[1]: Set hostname to <ubuntu>.
[   43.394644] systemd[1]: Initializing machine ID from random generator.
[   43.404342] systemd[1]: Installed transient /etc/machine-id file.
[   43.513912] systemd[1]: Listening on udev Control Socket.
[[0;32m  OK  [0m] Listening on udev Control Socket.
[   43.533790] systemd[1]: Started Forward Password Requests to Wall Directory Watch.
[[0;32m  OK  [0m] Started Forward Password Requests to Wall Directory Watch.
[   43.6713]ystemd[1]: Listening on Device-mpeevt aem FOs

[[0;32m  OK  [0m] Listening on Device-mapper event daemon FIFOs.
[ 4416178] systed[: t  aomntAritryxetae leortsile Sst Aomntoi.
[[0;32m  OK  [0m] Set up automount Arbitrary Executab...ats File System Automount Point.
[ 453285syem1]Liteing on SysogSocket.
[[0;32m  OK  [0m] Listening on Syslog Socket.
[ 451663] system[1 Cat sceysm ic
[[0;32m  OK  [0m] Created slice System Slice.
[ 46968]ysmd]:reted slicesyemerl\x2dgey.ic
[[0;32m  OK  [0m] Created slice system-serial\x2dgetty.slice.
[ 47565] systemd[1]: Created slice system-getty.slice.

[[0;32m  OK  [0m] Created slice system-getty.slice.
[  43595 ste[1: stning on oualAudit Scket.

[[0;32m  OK  [0m] Listening on Journal Audit Socket.
[   47.812308] systemd[1]: Reached target Swap.
[[0;32m  OK  [0m] Reached target Swap.
[   47.815102] systemd[1]: Created slice User and Session Slice.
[[0;32m  OK  [0m] Created slice User and Session Slice.
[ 47.915509] system[1 Rch tgeSles

[[0;32m  OK  [0m] Reached target Slices.
[ 4863378] syte[1 Ltening on /dev/initl mptibiliy mePie.

[[0;32m  OK  [0m] Listening on /dev/initctl Compatibility Named Pipe.
[   48.946999] systemd[1]: Listening on LV2 llaen ck.
[[0;32m  OK  [0m] Listening on LVM2 poll daemon socket.
[ 49056]ysmd]:eaedarget User and Group Name Lookups.
[[0;32m  OK  [0m] Reached target User and Group Name Lookups.
[  47970systemd[1]: Lteing o LVM2 metadaa daem ske
[[0;32m  OK  [0m] Listening on LVM2 metadata daemon socket.
[ 50831]ysmd]:isni oJournal Sockt.
[[0;32m  OK  [0m] Listening on Journal Socket.
[   50.899588] systemd[1]: Starting Remount Root and Kernel File Systems...
         [   50.959948] EXT4-fs (sda1): re-mounted. Opts: (null)
Starting Remount Root and Kernel[   51.017580] random: nonblocking pool is initialized
 File Systems...
[   51.099069] systemd[1]: Starting Monitoring of LVM2 mirrors, snapshots etc. using dmeventd or progress polling...
         Starting Monitoring of LVM2 mirrors... dmeventd or progress polling...
[   51.271855] systemd[1]: Starting Nameserver information manager...
         Starting Nameserver information manager...
[   51.309930] systemd[1]: Mounting Debug File System...
         Mounting Debug File System...
[   51.384076] systemd[1]: Starting Create list of required static device nodes for the current kernel...
         Starting Create list of required st... nodes for the current kernel...
[   1.955]ystemd[1]: Rchd target EcrteVomes.

[[0;32m  OK  [0m] Reached target Encrypted Volumes.
[   52.029551] systemd[1]: Listening onournaSoet/dev/l).

[[0;32m  OK  [0m] Listening on Journal Socket (/dev/log).
[   52.371658] systemd[1]: Starting Journal Service...
         Starting Journal Service...
[   52.404071] systemd[1]: Mounting Huge Pages File System...
         Mounting Huge Pages File System...
[   52.423064] systemd[1]: Starting Load Kernel Modules...
         Starting Load Kernel Modules...
[   52.464180] systemd[1]: Mounting POSIX Message Queue File System...
         [   52.473054] Loading iSCSI transport class v2.0-870.
Mounting POSIX Message Queue File System...
[   52.520906] systemd[1]: Listening on udev Kernel Socket.
[[0;32m  OK  [0m] Listening on udev Kernel Socket.
[   52.541966] systemd[1]: Starting Uncomplicated firewall...
[   52.544602] iscsi: registered transport (tcp)
         Starting Uncomplicated firewall...
[   52.653555] iscsi: registered transport (iser)
[   52.696874] systemd[1]: Mounted Debug File System.
[[0;32m  OK  [0m] Mounted Debug File System.
[   52.755935] systemd[1]: Mounted POSIX Message Queue File System.
[[0;32m  OK  [0m] Mounted POSIX Message Queue File System.
[   52.816504] systemd[1]: Mounted Huge Pages File System.
[[0;32m  OK  [0m] Mounted Huge Pages File System.
[   5.912109] ysmd1]: Sard url ervie.
[[0;32m  OK  [0m] Started Journal Service.
[[0;32m  OK  [0m] Started Remount Root and Kernel File Systems.
[[0;32m  OK  [0m] Started Create list of required sta...ce nodes for the current kernel.
[[0;32m  OK  [0m] Started Load Kernel Modules.
[[0;32m  OK  [0m] Started Uncomplicated firewall.
[[0;32m  OK  [0m] Started Nameserver information manager.
[[0;32m  OK  [0m] Started LVM2 metadata daemon.
         Mounting FUSE Control File System...
         Starting Apply Kernel Variables...
         Starting Create Static Device Nodes in /dev...
         Starting Load/Save Random Seed...
         Starting udev Coldplug all Devices...
         Starting Flush Journal to Persistent Storage...
[[0;32m  OK  [0m] Mounted FUSE Control File System.
[[0;32m  OK  [0m] Started Monitoring of LVM2 mirrors,...ng dmeventd or progress polling.
[[0;32m  OK  [0m] Started Apply Kernel Variables.
[[0;32m  OK  [0m] Started Create Static Device Nodes in /dev.
[[0;32m  OK  [0m] Started Load/Save Random Seed.
[[0;32m  OK  [0m] Started udev Coldplug all Devices.
         Starting udev Kernel Device Manager...
[[0;32m  OK  [0m] Started udev Kernel Device Manager.
[[0;32m  OK  [0m] Started Flush Journal to Persistent Storage.
[[0;32m  OK  [0m] Reached target Local File Systems (Pre).
[[0;32m  OK  [0m] Reached target Local File Systems.
         Starting Tell Plymouth To Write Out Runtime Data...
         Starting Set console keymap...
         Starting LSB: AppArmor initialization...
         Starting Create Volatile Files and Directories...
         Starting Commit a transient machine-id on disk...
         Starting Initial cloud-init job (pre-networking)...
[[0;32m  OK  [0m] Started Dispatch Password Requests to Console Directory Watch.
[[0;32m  OK  [0m] Started Tell Plymouth To Write Out Runtime Data.
[[0;32m  OK  [0m] Started Set console keymap.
[[0;32m  OK  [0m] Started Create Volatile Files and Directories.
[[0;32m  OK  [0m] Started Commit a transient machine-id on disk.
[[0;32m  OK  [0m] Found device /dev/ttyS0.
[[0;32m  OK  [0m] Listening on Load/Save RF Kill Switch Status /dev/rfkill Watch.
         Starting Update UTMP about System Boot/Shutdown...
         Starting Network Time Synchronization...
[[0;32m  OK  [0m] Started Update UTMP about System Boot/Shutdown.
[[0;32m  OK  [0m] Started Network Time Synchronization.
[[0;32m  OK  [0m] Reached target System Time Synchronized.
[[0;32m  OK  [0m] Started LSB: AppArmor initialization.
[[0;32m  OK  [0m] Reached target System Initialization.
[[0;32m  OK  [0m] Started ACPI Events Check.
[[0;32m  OK  [0m] Started Daily Cleanup of Temporary Directories.
[[0;32m  OK  [0m] Listening on D-Bus System Message Bus Socket.
[[0;32m  OK  [0m] Started Daily apt activities.
         Starting Socket activation for snappy daemon.
[   44.245800] cloud-init[626]: Cloud-init v. 0.7.7 running 'init-local' at Thu, 30 Jun 2016 13:02:29 +0000. Up 43.76 seconds.
         Starting LXD - unix socket.
[[0;32m  OK  [0m] Started Trigger resolvconf update for networkd DNS.
[[0;32m  OK  [0m] Reached target Paths.
[[0;32m  OK  [0m] Listening on UUID daemon activation socket.
[[0;32m  OK  [0m] Listening on ACPID Listen Socket.
[[0;32m  OK  [0m] Started Timer to automatically refresh installed snaps.
[[0;32m  OK  [0m] Reached target Timers.
[[0;32m  OK  [0m] Listening on Socket activation for snappy daemon.
[[0;32m  OK  [0m] Listening on LXD - unix socket.
[[0;32m  OK  [0m] Started Initial cloud-init job (pre-networking).
[[0;32m  OK  [0m] Reached target Network (Pre).
         Starting Raise network interfaces...
[[0;32m  OK  [0m] Reached target Sockets.
[[0;32m  OK  [0m] Reached target Basic System.
         Starting LXD - container startup/shutdown...
[[0;32m  OK  [0m] Started D-Bus System Message Bus.
[[0;32m  OK  [0m] Started Deferred execution scheduler.
[[0;32m  OK  [0m] Started FUSE filesystem for LXC.
         Starting Accounts Service...
         Starting LSB: Record successful boot for GRUB...
         Starting Login Service...
         Starting System Logging Service...
[[0;32m  OK  [0m] Started ACPI event daemon.
[[0;32m  OK  [0m] Started Regular background program processing daemon.
         Starting LSB: MD monitoring daemon...
[[0;32m  OK  [0m] Started Snappy daemon.
[[0;32m  OK  [0m] Started System Logging Service.
[[0;32m  OK  [0m] Started LXD - container startup/shutdown.
[[0;32m  OK  [0m] Started LSB: Record successful boot for GRUB.
         Starting Authenticate and Authorize Users to Run Privileged Tasks...
[[0;32m  OK  [0m] Started ifup for enp0s3.
[[0;32m  OK  [0m] Started LSB: MD monitoring daemon.
[[0;32m  OK  [0m] Started Login Service.
[[0;32m  OK  [0m] Started Authenticate and Authorize Users to Run Privileged Tasks.
[[0;32m  OK  [0m] Started Accounts Service.
[[0;32m  OK  [0m] Started Raise network interfaces.
[[0;32m  OK  [0m] Reached target Network.
         Starting Initial cloud-init job (metadata service crawler)...
[   47.327110] cloud-init[998]: Cloud-init v. 0.7.7 running 'init' at Thu, 30 Jun 2016 13:02:31 +0000. Up 46.30 seconds.
[   47.380845] cloud-init[998]: ci-info: ++++++++++++++++++++++++++++++++++++++Net device info++++++++++++++++++++++++++++++++++++++
[[0;32m  OK  [0m] Started Initial cloud-init job (metadata service crawler).
[[0;32m  OK  [0m] Reached target Network is Online.
[   47.451636] cloud-init[998]: ci-info: +--------+-------+----------------------------+---------------+-------+-------------------+
[   47.456738] cloud-init[998]: ci-info: | Device |   Up  |          Address           |      Mask     | Scope |     Hw-Address    |
[   47.456821] cloud-init[998]: ci-info: +--------+-------+----------------------------+---------------+-------+-------------------+
[   47.456875] cloud-init[998]: ci-info: | enp0s8 | False |             .              |       .       |   .   | 08:00:27:93:7a:41 |
[   47.456995] cloud-init[998]: ci-info: | enp0s3 |  True |         10.0.2.15          | 255.255.255.0 |   .   | 02:8e:fe:b7:15:d8 |
[   47.457082] cloud-init[998]: ci-info: | enp0s3 |  True | fe80::8e:feff:feb7:15d8/64 |       .       |  link | 02:8e:fe:b7:15:d8 |
[   47.457170] cloud-init[998]: ci-info: |   lo   |  True |         127.0.0.1          |   255.0.0.0   |   .   |         .         |
[   47.457230] cloud-init[998]: ci-info: |   lo   |  True |          ::1/128           |       .       |  host |         .         |
[   47.457281] cloud-init[998]: ci-info: +--------+-------+----------------------------+---------------+-------+-------------------+
[   47.457330] cloud-init[998]: ci-info: +++++++++++++++++++++++++++Route IPv4 info++++++++++++++++++++++++++++
[   47.457445] cloud-init[998]: ci-info: +-------+-------------+----------+---------------+-----------+-------+
[   47.457515] cloud-init[998]: ci-info: | Route | Destination | Gateway  |    Genmask    | Interface | Flags |
[   47.457568] cloud-init[998]: ci-info: +-------+-------------+----------+---------------+-----------+-------+
[   47.457616] cloud-init[998]: ci-info: |   0   |   0.0.0.0   | 10.0.2.2 |    0.0.0.0    |   enp0s3  |   UG  |
[   47.457670] cloud-init[998]: ci-info: |   1   |   10.0.2.0  | 0.0.0.0  | 255.255.255.0 |   enp0s3  |   U   |
[   47.457723] cloud-init[998]: ci-info: +-------+-------------+----------+---------------+-----------+-------+
[   47.457773] cloud-init[998]: Generating public/private rsa key pair.
[   47.457858] cloud-init[998]: Your identification has been saved in /etc/ssh/ssh_host_rsa_key.
[   47.457927] cloud-init[998]: Your public key has been saved in /etc/ssh/ssh_host_rsa_key.pub.
[   47.457982] cloud-init[998]: The key fingerprint is:
[   47.458038] cloud-init[998]: SHA256:gRJ7ruyEtIq/TK+Kxm6QqmUU2LjvDG+cYvRuJfnj2nQ root@ubuntu-xenial
[   47.458089] cloud-init[998]: The key's randomart image is:
[   47.458163] cloud-init[998]: +---[RSA 2048]----+
[   47.458331] cloud-init[998]: |    .            |
[   48.505586]          cloud-initStarting Seed the pseudo random number generator on first boot...[998]: 
| +   o .         |
[   48.612481]          cloud-initStarting iSCSI initiator daemon (iscsid)...[998]: |o o o o .        |

[   48.614282] cloud-init[998]: | . . +   .       |
[   48.680950] cloud-init[998]: |..o . . S        |
         Starting /etc/rc.local Compatibility...
[[0;32m  OK  [0m] Reached target Cloud-config availability.
[   48.715676] cloud-init[998]: |o= * o           |
[   48.770013] cloud-init[998]: |*.O.B. E         |
[   48.777303] cloud-init[998]: |=/+*oo.          |
         Starting Apply the settings specified in cloud-config...
[   48.793236] cloud-init[998]: |%*@==o.          |
[   48.861090] cloud-init[998]: +----[SHA256]-----+
[[0;32m  OK  [0m] Started /etc/rc.local Compatibility.
[   48.862410] [cloud-init[0;32m  OK  [0m[998]: ] Generating public/private dsa key pair.Started iSCSI initiator daemon (iscsid).

[   48.906228] cloud-init[998]: Your identification has been saved in /etc/ssh/ssh_host_dsa_key.
[   48.910051] cloud-init[998]: Your public key has been saved in /etc/ssh/ssh_host_dsa_key.pub.
[   48.920529] cloud-init[998]: The key fingerprint is:
[   48.936426] cloud-init[998]: SHA256:ycBGJ3hC6jjNuV3dKWmzm8XsH4frluxdzt8aEauSw04 root@ubuntu-xenial
[   48.984481]          cloud-initStarting Login to default iSCSI targets...[998]: 
The key's randomart image is:
[   48.985053] cloud-init[998]: +---[DSA 1024]----+
[   49.042745] cloud-init[998]: |   ...o .        |
[   49.084514] [cloud-init[0;32m  OK  [0m[998]: ] |   .oo.o         |Started Login to default iSCSI targets.

[   49.085325] cloud-init[998]: |  .  o+       .  |
[   49.188537] [cloud-init[0;32m  OK  [0m[998]: | = . . + + .   o |
] Reached target Remote File Systems (Pre).
[   49.189298] [cloud-init[0;32m  OK  [0m[998]: ] |o =   . S o   o  |Reached target Remote File Systems.

[   49.233442] cloud-init[998]: | . o . . B . o . |
[   49.289083]          cloud-initStarting LSB: automatic crash report generation...[998]: 
|  . .   . E.+.o .|
         Starting LSB: Set the CPU Frequency Scaling governor to "ondemand"...
[   49.331190] cloud-init[998]: |         B o+= =.|
         Starting Permit User Sessions...
[   49.397572] cloud-init[998]: |        o o== o.*|
         Starting LSB: daemon to balance interrupts for SMP systems...
[[0;32m  OK  [0m] Started Permit User Sessions.
[   49.436562] cloud-init[998]: +----[SHA256]-----+
[   49.527494] cloud-init[998]: Generating public/private ecdsa key pair.
[   49.533584] cloud-init[998]: Your identification has been saved in /etc/ssh/ssh_host_ecdsa_key.
[[0;32m  OK  [0m] Started LSB: Set the CPU Frequency Scaling governor to "ondemand".
[   49.541546] cloud-init[998]: Your public key has been saved in /etc/ssh/ssh_host_ecdsa_key.pub.
[   49.589261] [cloud-init[998]: The key fingerprint is:
[0;32m  OK  [0m] Started LSB: automatic crash report generation.
[   49.590414] [[0;32m  OK  [0m] Started Seed the pseudo random number generator on first boot.
cloud-init[998]: SHA256:iMWYTTcNM5mbhFVMX6eqrhBVygVYM8U/nZ45D3u7hMs root@ubuntu-xenial
[   49.643800] cloud-init[998]: The key's randomart image is:
[   49.646381] cloud-init[998]: +---[ECDSA 256]---+
[   49.650083] cloud-init[998]: |      .=%%*   . .|
[   49.656643] cloud-init[998]: |     *oo+X+. . o |
         Starting OpenBSD Secure Shell server...
         Starting Hold until boot process finishes up...
         Starting Terminate Plymouth Boot Screen...
[[0;32m  OK  [0m] Started LSB: daemon to balance interrupts for SMP systems.
[[0;32m  OK  [0m] Started Hold until boot process finishes up.
[[0;32m  OK  [0m] Started Terminate Plymouth Boot Screen.
[   49.671559] cloud-init[998]: |    o +.+o ..... |
[   49.743978] cloud-init[998]: |     o oo   o.o  |
[   49.757273] cloud-init[998]: |    . o S   .o o |
[[0;32m  OK  [0m] Started Serial Getty on ttyS0.
[   49.776548] [cloud-init[0;32m  OK  [0m[998]: ] |       .   .  B  |Started Getty on tty1.

[   49.804871] [cloud-init[0;32m  OK  [0m[998]: ] |      .   .  . * |Reached target Login Prompts.

[[0;32m  OK  [0m] Started OpenBSD Secure Shell server.
[   49.824208] cloud-init[998]: |       . .  . + o|
[   49.840864] cloud-init[998]: |        ...  E +o|
[   49.857487] cloud-init[998]: +----[SHA256]-----+
[   49.863090] cloud-init[998]: Generating public/private ed25519 key pair.
[   49.885238] cloud-init[998]: Your identification has been saved in /etc/ssh/ssh_host_ed25519_key.
[   49.903080] cloud-init[998]: Your public key has been saved in /etc/ssh/ssh_host_ed25519_key.pub.
[   49.931358] cloud-init[998]: The key fingerprint is:
[   49.949627] cloud-init[998]: SHA256:kyEGVcGgMSc5PdQGaFAY5Li5RbjPo/rEqBi1baE3R30 root@ubuntu-xenial
[   49.956562] cloud-init[998]: The key's randomart image is:
[   49.959918] cloud-init[998]: +--[ED25519 256]--+
[   49.972335] cloud-init[998]: | .+=****o.       |
[   50.000568] cloud-init[998]: | +. =Bo +        |
[   50.009221] cloud-init[998]: |o o...oo.        |
[   50.039505] cloud-init[998]: | =   . o o       |
[   50.058439] cloud-init[998]: |+ o . . S E      |
[   50.071578] cloud-init[998]: | O + o   o       |
[   50.085675] cloud-init[998]: |+ O = .          |
[   50.098812] cloud-init[998]: |o+ + o           |
[   50.101776] cloud-init[998]: |*..              |
[   50.112679] cloud-init[998]: +----[SHA256]-----+
[   50.120319] cloud-init[1123]: Generating locales (this might take a while)...
[   50.791851] cloud-init[1123]:   en_US.UTF-8... done
[   50.828791] cloud-init[1123]: Generation complete.
         Stopping OpenBSD Secure Shell server...
[[0;32m  OK  [0m] Stopped OpenBSD Secure Shell server.
         Starting OpenBSD Secure Shell server...
[[0;32m  OK  [0m] Started OpenBSD Secure Shell server.
[[0;32m  OK  [0m] Created slice User Slice of ubuntu.
         Starting User Manager for UID 1000...
[[0;32m  OK  [0m] Started User Manager for UID 1000.
[[0;32m  OK  [0m] Started Session 1 of user ubuntu.
[   51.318248] cloud-init[1123]: Cloud-init v. 0.7.7 running 'modules:config' at Thu, 30 Jun 2016 13:02:34 +0000. Up 49.38 seconds.
[[0;32m  OK  [0m] Started Apply the settings specified in cloud-config.
         Starting Execute cloud user/final scripts...
ci-info: no authorized ssh keys fingerprints found for user ubuntu.
<14>Jun 30 13:02:37 ec2: 
<14>Jun 30 13:02:37 ec2: #############################################################
<14>Jun 30 13:02:37 ec2: -----BEGIN SSH HOST KEY FINGERPRINTS-----
<14>Jun 30 13:02:37 ec2: 1024 SHA256:ycBGJ3hC6jjNuV3dKWmzm8XsH4frluxdzt8aEauSw04 root@ubuntu-xenial (DSA)
<14>Jun 30 13:02:37 ec2: 256 SHA256:iMWYTTcNM5mbhFVMX6eqrhBVygVYM8U/nZ45D3u7hMs root@ubuntu-xenial (ECDSA)
<14>Jun 30 13:02:37 ec2: 256 SHA256:kyEGVcGgMSc5PdQGaFAY5Li5RbjPo/rEqBi1baE3R30 root@ubuntu-xenial (ED25519)
<14>Jun 30 13:02:37 ec2: 2048 SHA256:gRJ7ruyEtIq/TK+Kxm6QqmUU2LjvDG+cYvRuJfnj2nQ root@ubuntu-xenial (RSA)
<14>Jun 30 13:02:37 ec2: -----END SSH HOST KEY FINGERPRINTS-----
<14>Jun 30 13:02:37 ec2: #############################################################
-----BEGIN SSH HOST KEY KEYS-----
ecdsa-sha2-nistp256 AAAAE2VjZHNhLXNoYTItbmlzdHAyNTYAAAAIbmlzdHAyNTYAAABBBIaSXD95GKzv5Xs4iQT3h7o+arzueoap9We4ExLcKsrTH2WbmifYeRNayOsHOyR7fldnaP0zZjEuoQ9y50lOJz8= root@ubuntu-xenial
ssh-ed25519 AAAAC3NzaC1lZDI1NTE5AAAAIKW+AgkHm0ZcmZa0jtdci7G2hdEdXqULaarFawi5P/O7 root@ubuntu-xenial
ssh-rsa AAAAB3NzaC1yc2EAAAADAQABAAABAQCd+cbhuVZLxYTqXIMmmVReNsq5W0I4NrpUztbViY9ClUJRnUNqObifL05+dAw47PV6Q0DCCSosFLs0FLQdzuzLwODRy9MDRoVyvGoDsRiYjaatrPvRmpk+aQuLzx4JKFs5UPflUiR7H9SHEuYRZBU1iVuKkym18Vl/RcsHyXFe+rO9SVL4hVc/Z6FaAkLm9WHOtOI/GKvDIGWFgEpf0x2b45DYUEU6rBvOXiqv39vCeJkLMs9CIBLaQqtsHFbh/kI62JxFK3eX3z0iiPmwNFKvTS1lzkkhiJGIouGh1MB37weVHSfZABXFe0Yw7n/FLGwVRWkmzvpN+n2fOe3LJUYz root@ubuntu-xenial
-----END SSH HOST KEY KEYS-----
[   52.399075] cloud-init[1330]: Cloud-init v. 0.7.7 running 'modules:final' at Thu, 30 Jun 2016 13:02:37 +0000. Up 51.95 seconds.
[   52.417531] cloud-init[1330]: ci-info: no authorized ssh keys fingerprints found for user ubuntu.
[   52.472413] cloud-init[1330]: Cloud-init v. 0.7.7 finished at Thu, 30 Jun 2016 13:02:37 +0000. Datasource DataSourceNoCloudNet [seed=/dev/sdb][dsmode=net].  Up 52.38 seconds
[[0;32m  OK  [0m] Started Execute cloud user/final scripts.
[[0;32m  OK  [0m] Reached target Cloud-init target.
[[0;32m  OK  [0m] Reached target Multi-User System.
[[0;32m  OK  [0m] Reached target Graphical Interface.
         Starting Update UTMP about System Runlevel Changes...
[[0;32m  OK  [0m] Started Update UTMP about System Runlevel Changes.

Ubuntu 16.04 LTS ubuntu-xenial ttyS0

ubuntu-xenial login: 